<?xml version="1.0" encoding="UTF-8"?>
<!-- Generated by org.testng.reporters.JUnitXMLReporter -->
<testsuite ignored="0" hostname="DESKTOP-GG1I7P6" failures="0" tests="3" name="Default test" time="33.997" errors="0" timestamp="2022-02-27T18:52:00 IST">
  <testcase classname="com.qa.sel.testCases.LoginPageTest" name="bankLogoTest" time="0.177"/>
  <testcase classname="com.qa.sel.testCases.LoginPageTest" name="loginPageTitleTest" time="0.015"/>
  <testcase classname="com.qa.sel.testCases.LoginPageTest" name="loginTest" time="3.677"/>
</testsuite> <!-- Default test -->
