<?xml version="1.0" encoding="UTF-8"?>
<!-- Generated by org.testng.reporters.JUnitXMLReporter -->
<testsuite ignored="0" hostname="DESKTOP-GG1I7P6" failures="0" tests="3" name="LoginPageTest" time="60.17" errors="0" timestamp="2022-02-27T19:11:23 IST">
  <testcase classname="com.qa.sel.testCases.LoginPageTest" name="bankLogoTest" time="0.33"/>
  <testcase classname="com.qa.sel.testCases.LoginPageTest" name="loginPageTitleTest" time="0.032"/>
  <testcase classname="com.qa.sel.testCases.LoginPageTest" name="loginTest" time="7.926"/>
</testsuite> <!-- LoginPageTest -->
